2023-10-17 17:46:53,745 [background-preinit] INFO  o.h.validator.internal.util.Version - HV000001: Hibernate Validator 8.0.0.Final
2023-10-17 17:46:53,815 [restartedMain] INFO  c.e._VuTrungNghia_SQL.Application - Starting Application using Java 20.0.1 with PID 12648 (D:\DoAnCuoiLTMT\DoAnLTMMT\target\classes started by Vu Nghia in D:\DoAnCuoiLTMT\DoAnLTMMT)
2023-10-17 17:46:53,816 [restartedMain] INFO  c.e._VuTrungNghia_SQL.Application - No active profile set, falling back to 1 default profile: "default"
2023-10-17 17:46:53,881 [restartedMain] INFO  o.s.b.d.e.DevToolsPropertyDefaultsPostProcessor - Devtools property defaults active! Set 'spring.devtools.add-properties' to 'false' to disable
2023-10-17 17:46:53,881 [restartedMain] INFO  o.s.b.d.e.DevToolsPropertyDefaultsPostProcessor - For additional web related logging consider setting the 'logging.level.web' property to 'DEBUG'
2023-10-17 17:46:54,936 [restartedMain] INFO  o.s.d.r.c.RepositoryConfigurationDelegate - Bootstrapping Spring Data JPA repositories in DEFAULT mode.
2023-10-17 17:46:55,042 [restartedMain] INFO  o.s.d.r.c.RepositoryConfigurationDelegate - Finished Spring Data repository scanning in 97 ms. Found 6 JPA repository interfaces.
2023-10-17 17:46:56,049 [restartedMain] INFO  o.s.b.w.e.tomcat.TomcatWebServer - Tomcat initialized with port(s): 8080 (http)
2023-10-17 17:46:56,071 [restartedMain] INFO  o.a.coyote.http11.Http11NioProtocol - Initializing ProtocolHandler ["http-nio-8080"]
2023-10-17 17:46:56,072 [restartedMain] INFO  o.a.catalina.core.StandardService - Starting service [Tomcat]
2023-10-17 17:46:56,072 [restartedMain] INFO  o.a.catalina.core.StandardEngine - Starting Servlet engine: [Apache Tomcat/10.1.8]
2023-10-17 17:46:56,166 [restartedMain] INFO  o.a.c.c.C.[Tomcat].[localhost].[/] - Initializing Spring embedded WebApplicationContext
2023-10-17 17:46:56,169 [restartedMain] INFO  o.s.b.w.s.c.ServletWebServerApplicationContext - Root WebApplicationContext: initialization completed in 2275 ms
2023-10-17 17:46:56,421 [restartedMain] INFO  o.h.jpa.internal.util.LogHelper - HHH000204: Processing PersistenceUnitInfo [name: default]
2023-10-17 17:46:56,472 [restartedMain] INFO  org.hibernate.Version - HHH000412: Hibernate ORM core version 6.1.7.Final
2023-10-17 17:46:56,815 [restartedMain] INFO  com.zaxxer.hikari.HikariDataSource - HikariPool-1 - Starting...
2023-10-17 17:46:57,232 [restartedMain] INFO  com.zaxxer.hikari.pool.HikariPool - HikariPool-1 - Added connection com.mysql.cj.jdbc.ConnectionImpl@7a917735
2023-10-17 17:46:57,234 [restartedMain] INFO  com.zaxxer.hikari.HikariDataSource - HikariPool-1 - Start completed.
2023-10-17 17:46:57,283 [restartedMain] INFO  SQL dialect - HHH000400: Using dialect: org.hibernate.dialect.MySQLDialect
2023-10-17 17:46:58,404 [restartedMain] INFO  o.h.e.t.j.p.i.JtaPlatformInitiator - HHH000490: Using JtaPlatform implementation: [org.hibernate.engine.transaction.jta.platform.internal.NoJtaPlatform]
2023-10-17 17:46:58,419 [restartedMain] INFO  o.s.o.j.LocalContainerEntityManagerFactoryBean - Initialized JPA EntityManagerFactory for persistence unit 'default'
2023-10-17 17:46:59,572 [restartedMain] WARN  o.s.b.a.o.j.JpaBaseConfiguration$JpaWebConfiguration - spring.jpa.open-in-view is enabled by default. Therefore, database queries may be performed during view rendering. Explicitly configure spring.jpa.open-in-view to disable this warning
2023-10-17 17:47:00,124 [restartedMain] INFO  o.s.s.web.DefaultSecurityFilterChain - Will secure any request with [org.springframework.security.web.session.DisableEncodeUrlFilter@24235fcf, org.springframework.security.web.context.request.async.WebAsyncManagerIntegrationFilter@1c5e2aca, org.springframework.security.web.context.SecurityContextHolderFilter@7ab5f18f, org.springframework.security.web.header.HeaderWriterFilter@25459a22, org.springframework.security.web.authentication.logout.LogoutFilter@38577628, org.springframework.security.web.authentication.UsernamePasswordAuthenticationFilter@595c7651, org.springframework.security.web.savedrequest.RequestCacheAwareFilter@65c208f2, org.springframework.security.web.servletapi.SecurityContextHolderAwareRequestFilter@283279f0, org.springframework.security.web.authentication.rememberme.RememberMeAuthenticationFilter@38b9d21c, org.springframework.security.web.authentication.AnonymousAuthenticationFilter@6a81326f, org.springframework.security.web.access.ExceptionTranslationFilter@71903ea5, org.springframework.security.web.access.intercept.AuthorizationFilter@30e2d144]
2023-10-17 17:47:00,592 [restartedMain] INFO  o.s.b.d.a.OptionalLiveReloadServer - LiveReload server is running on port 35729
2023-10-17 17:47:00,619 [restartedMain] INFO  o.a.coyote.http11.Http11NioProtocol - Starting ProtocolHandler ["http-nio-8080"]
2023-10-17 17:47:00,625 [restartedMain] WARN  o.s.b.w.s.c.AnnotationConfigServletWebServerApplicationContext - Exception encountered during context initialization - cancelling refresh attempt: org.springframework.context.ApplicationContextException: Failed to start bean 'webServerStartStop'
2023-10-17 17:47:00,629 [restartedMain] INFO  o.s.o.j.LocalContainerEntityManagerFactoryBean - Closing JPA EntityManagerFactory for persistence unit 'default'
2023-10-17 17:47:00,634 [restartedMain] INFO  com.zaxxer.hikari.HikariDataSource - HikariPool-1 - Shutdown initiated...
2023-10-17 17:47:00,645 [restartedMain] INFO  com.zaxxer.hikari.HikariDataSource - HikariPool-1 - Shutdown completed.
2023-10-17 17:47:00,650 [restartedMain] INFO  o.a.coyote.http11.Http11NioProtocol - Pausing ProtocolHandler ["http-nio-8080"]
2023-10-17 17:47:00,650 [restartedMain] INFO  o.a.catalina.core.StandardService - Stopping service [Tomcat]
2023-10-17 17:47:00,657 [restartedMain] INFO  o.a.coyote.http11.Http11NioProtocol - Stopping ProtocolHandler ["http-nio-8080"]
2023-10-17 17:47:00,658 [restartedMain] INFO  o.a.coyote.http11.Http11NioProtocol - Destroying ProtocolHandler ["http-nio-8080"]
2023-10-17 17:47:00,669 [restartedMain] INFO  o.s.b.a.l.ConditionEvaluationReportLogger - 

Error starting ApplicationContext. To display the condition evaluation report re-run your application with 'debug' enabled.
2023-10-17 17:47:00,712 [restartedMain] ERROR o.s.b.d.LoggingFailureAnalysisReporter - 

***************************
APPLICATION FAILED TO START
***************************

Description:

Web server failed to start. Port 8080 was already in use.

Action:

Identify and stop the process that's listening on port 8080 or configure this application to listen on another port.

